<?xml version="1.0" encoding="UTF-8"?>
<!-- Generated by org.testng.reporters.JUnitReportReporter -->
<testsuite skipped="0" hostname="DESKTOP-TMBATB0" name="firstTest.FirstTest" tests="1" failures="0" timestamp="2020-01-23T09:38:29 IST" time="15.085" errors="0">
  <testcase name="validateFirstTest" time="15.085" classname="firstTest.FirstTest"/>
</testsuite> <!-- firstTest.FirstTest -->
