<?xml version="1.0" encoding="UTF-8"?>
<!-- Generated by org.testng.reporters.JUnitReportReporter -->
<testsuite skipped="0" hostname="DESKTOP-TMBATB0" name="secondTest.secondTest" tests="1" failures="0" timestamp="2020-01-23T09:38:29 IST" time="16.283" errors="0">
  <testcase name="validateFirstTest" time="16.283" classname="secondTest.secondTest"/>
</testsuite> <!-- secondTest.secondTest -->
