<?xml version="1.0" encoding="UTF-8"?>
<!-- Generated by org.testng.reporters.JUnitReportReporter -->
<testsuite skipped="0" hostname="DESKTOP-TMBATB0" name="firstTest.FirstTest" tests="1" failures="0" timestamp="23 Jan 2020 05:15:39 GMT" time="41.496" errors="0">
  <testcase name="validateFirstTest" time="41.496" classname="firstTest.FirstTest"/>
</testsuite> <!-- firstTest.FirstTest -->
