<?xml version="1.0" encoding="UTF-8"?>
<!-- Generated by org.testng.reporters.JUnitReportReporter -->
<testsuite skipped="0" hostname="DESKTOP-TMBATB0" name="secondTest.secondTest" tests="1" failures="0" timestamp="23 Jan 2020 05:15:39 GMT" time="19.702" errors="0">
  <testcase name="validateFirstTest" time="19.702" classname="secondTest.secondTest"/>
</testsuite> <!-- secondTest.secondTest -->
